[22-May-2024 12:23:14 UTC] PHP Fatal error:  Uncaught Error: Failed opening required 'C:/Users/Ne.N.Reh/Local Sites/charlton-house-of-pizza/app/public/wp-settings.php' (include_path='.:/usr/share/php:/www/wp-content/pear') in phar://C:/Users/Ne.N.Reh/AppData/Local/Programs/Local/resources/extraResources/bin/wp-cli/wp-cli.phar/vendor/wp-cli/wp-cli/php/WP_CLI/Runner.php:1363
Stack trace:
#0 phar://C:/Users/Ne.N.Reh/AppData/Local/Programs/Local/resources/extraResources/bin/wp-cli/wp-cli.phar/vendor/wp-cli/wp-cli/php/WP_CLI/Runner.php(1282): WP_CLI\Runner->load_wordpress()
#1 phar://C:/Users/Ne.N.Reh/AppData/Local/Programs/Local/resources/extraResources/bin/wp-cli/wp-cli.phar/vendor/wp-cli/wp-cli/php/WP_CLI/Bootstrap/LaunchRunner.php(28): WP_CLI\Runner->start()
#2 phar://C:/Users/Ne.N.Reh/AppData/Local/Programs/Local/resources/extraResources/bin/wp-cli/wp-cli.phar/vendor/wp-cli/wp-cli/php/bootstrap.php(83): WP_CLI\Bootstrap\LaunchRunner->process(Object(WP_CLI\Bootstrap\BootstrapState))
#3 phar://C:/Users/Ne.N.Reh/AppData/Local/Programs/Local/resources/extraResources/bin/wp-cli/wp-cli.phar/vendor/wp-cli/wp-cli/php/wp-cli.php(32): WP_CLI\bootstrap()
#4 phar://C:/Users/Ne.N.Reh/AppData/Local/Programs/Local/resources/extraResources/bin/wp-cli/wp-cli.phar/php/boot-phar.php(20): include('phar://C:/Users...')
#5 C:\Users\Ne.N.Reh\AppData\Local\Programs\Local\resources\extraResources\bin\wp-cli\wp-cli.phar(4): include('phar://C:/Users...')
#6 {main}
  thrown in phar://C:/Users/Ne.N.Reh/AppData/Local/Programs/Local/resources/extraResources/bin/wp-cli/wp-cli.phar/vendor/wp-cli/wp-cli/php/WP_CLI/Runner.php on line 1363
[22-May-2024 12:23:17 UTC] PHP Fatal error:  Uncaught Error: Failed opening required 'C:/Users/Ne.N.Reh/Local Sites/charlton-house-of-pizza/app/public/wp-settings.php' (include_path='.:/usr/share/php:/www/wp-content/pear') in phar://C:/Users/Ne.N.Reh/AppData/Local/Programs/Local/resources/extraResources/bin/wp-cli/wp-cli.phar/vendor/wp-cli/wp-cli/php/WP_CLI/Runner.php:1363
Stack trace:
#0 phar://C:/Users/Ne.N.Reh/AppData/Local/Programs/Local/resources/extraResources/bin/wp-cli/wp-cli.phar/vendor/wp-cli/eval-command/src/Eval_Command.php(36): WP_CLI\Runner->load_wordpress()
#1 [internal function]: Eval_Command->__invoke(Array, Array)
#2 phar://C:/Users/Ne.N.Reh/AppData/Local/Programs/Local/resources/extraResources/bin/wp-cli/wp-cli.phar/vendor/wp-cli/wp-cli/php/WP_CLI/Dispatcher/CommandFactory.php(100): call_user_func(Array, Array, Array)
#3 [internal function]: WP_CLI\Dispatcher\CommandFactory::WP_CLI\Dispatcher\{closure}(Array, Array)
#4 phar://C:/Users/Ne.N.Reh/AppData/Local/Programs/Local/resources/extraResources/bin/wp-cli/wp-cli.phar/vendor/wp-cli/wp-cli/php/WP_CLI/Dispatcher/Subcommand.php(488): call_user_func(Object(Closure), Array, Array)
#5 phar://C:/Users/Ne.N.Reh/AppData/Local/Programs/Local/resources/extraResources/bin/wp-cli/wp-cli.phar/vendor/wp-cli/wp-cli/php/WP_CLI/Runner.php(436): WP_CLI\Dispatcher\Subcommand->invoke(Array, Array, Array)
#6 phar://C:/Users/Ne.N.Reh/AppData/Local/Programs/Local/resources/extraResources/bin/wp-cli/wp-cli.phar/vendor/wp-cli/wp-cli/php/WP_CLI/Runner.php(459): WP_CLI\Runner->run_command(Array, Array)
#7 phar://C:/Users/Ne.N.Reh/AppData/Local/Programs/Local/resources/extraResources/bin/wp-cli/wp-cli.phar/vendor/wp-cli/wp-cli/php/WP_CLI/Runner.php(136): WP_CLI\Runner->run_command_and_exit()
#8 phar://C:/Users/Ne.N.Reh/AppData/Local/Programs/Local/resources/extraResources/bin/wp-cli/wp-cli.phar/vendor/wp-cli/wp-cli/php/WP_CLI/Runner.php(1217): WP_CLI\Runner->do_early_invoke('before_wp_load')
#9 phar://C:/Users/Ne.N.Reh/AppData/Local/Programs/Local/resources/extraResources/bin/wp-cli/wp-cli.phar/vendor/wp-cli/wp-cli/php/WP_CLI/Bootstrap/LaunchRunner.php(28): WP_CLI\Runner->start()
#10 phar://C:/Users/Ne.N.Reh/AppData/Local/Programs/Local/resources/extraResources/bin/wp-cli/wp-cli.phar/vendor/wp-cli/wp-cli/php/bootstrap.php(83): WP_CLI\Bootstrap\LaunchRunner->process(Object(WP_CLI\Bootstrap\BootstrapState))
#11 phar://C:/Users/Ne.N.Reh/AppData/Local/Programs/Local/resources/extraResources/bin/wp-cli/wp-cli.phar/vendor/wp-cli/wp-cli/php/wp-cli.php(32): WP_CLI\bootstrap()
#12 phar://C:/Users/Ne.N.Reh/AppData/Local/Programs/Local/resources/extraResources/bin/wp-cli/wp-cli.phar/php/boot-phar.php(20): include('phar://C:/Users...')
#13 C:\Users\Ne.N.Reh\AppData\Local\Programs\Local\resources\extraResources\bin\wp-cli\wp-cli.phar(4): include('phar://C:/Users...')
#14 {main}
  thrown in phar://C:/Users/Ne.N.Reh/AppData/Local/Programs/Local/resources/extraResources/bin/wp-cli/wp-cli.phar/vendor/wp-cli/wp-cli/php/WP_CLI/Runner.php on line 1363
[22-May-2024 12:23:18 UTC] PHP Fatal error:  Uncaught Error: Failed opening required 'C:/Users/Ne.N.Reh/Local Sites/charlton-house-of-pizza/app/public/wp-settings.php' (include_path='.:/usr/share/php:/www/wp-content/pear') in phar://C:/Users/Ne.N.Reh/AppData/Local/Programs/Local/resources/extraResources/bin/wp-cli/wp-cli.phar/vendor/wp-cli/wp-cli/php/WP_CLI/Runner.php:1363
Stack trace:
#0 phar://C:/Users/Ne.N.Reh/AppData/Local/Programs/Local/resources/extraResources/bin/wp-cli/wp-cli.phar/vendor/wp-cli/wp-cli/php/WP_CLI/Runner.php(1282): WP_CLI\Runner->load_wordpress()
#1 phar://C:/Users/Ne.N.Reh/AppData/Local/Programs/Local/resources/extraResources/bin/wp-cli/wp-cli.phar/vendor/wp-cli/wp-cli/php/WP_CLI/Bootstrap/LaunchRunner.php(28): WP_CLI\Runner->start()
#2 phar://C:/Users/Ne.N.Reh/AppData/Local/Programs/Local/resources/extraResources/bin/wp-cli/wp-cli.phar/vendor/wp-cli/wp-cli/php/bootstrap.php(83): WP_CLI\Bootstrap\LaunchRunner->process(Object(WP_CLI\Bootstrap\BootstrapState))
#3 phar://C:/Users/Ne.N.Reh/AppData/Local/Programs/Local/resources/extraResources/bin/wp-cli/wp-cli.phar/vendor/wp-cli/wp-cli/php/wp-cli.php(32): WP_CLI\bootstrap()
#4 phar://C:/Users/Ne.N.Reh/AppData/Local/Programs/Local/resources/extraResources/bin/wp-cli/wp-cli.phar/php/boot-phar.php(20): include('phar://C:/Users...')
#5 C:\Users\Ne.N.Reh\AppData\Local\Programs\Local\resources\extraResources\bin\wp-cli\wp-cli.phar(4): include('phar://C:/Users...')
#6 {main}
  thrown in phar://C:/Users/Ne.N.Reh/AppData/Local/Programs/Local/resources/extraResources/bin/wp-cli/wp-cli.phar/vendor/wp-cli/wp-cli/php/WP_CLI/Runner.php on line 1363
[22-May-2024 12:23:59 UTC] PHP Fatal error:  Uncaught Error: Failed opening required 'C:/Users/Ne.N.Reh/Local Sites/charlton-house-of-pizza/app/public/wp-settings.php' (include_path='.:/usr/share/php:/www/wp-content/pear') in phar://C:/Users/Ne.N.Reh/AppData/Local/Programs/Local/resources/extraResources/bin/wp-cli/wp-cli.phar/vendor/wp-cli/wp-cli/php/WP_CLI/Runner.php:1363
Stack trace:
#0 phar://C:/Users/Ne.N.Reh/AppData/Local/Programs/Local/resources/extraResources/bin/wp-cli/wp-cli.phar/vendor/wp-cli/wp-cli/php/WP_CLI/Runner.php(1282): WP_CLI\Runner->load_wordpress()
#1 phar://C:/Users/Ne.N.Reh/AppData/Local/Programs/Local/resources/extraResources/bin/wp-cli/wp-cli.phar/vendor/wp-cli/wp-cli/php/WP_CLI/Bootstrap/LaunchRunner.php(28): WP_CLI\Runner->start()
#2 phar://C:/Users/Ne.N.Reh/AppData/Local/Programs/Local/resources/extraResources/bin/wp-cli/wp-cli.phar/vendor/wp-cli/wp-cli/php/bootstrap.php(83): WP_CLI\Bootstrap\LaunchRunner->process(Object(WP_CLI\Bootstrap\BootstrapState))
#3 phar://C:/Users/Ne.N.Reh/AppData/Local/Programs/Local/resources/extraResources/bin/wp-cli/wp-cli.phar/vendor/wp-cli/wp-cli/php/wp-cli.php(32): WP_CLI\bootstrap()
#4 phar://C:/Users/Ne.N.Reh/AppData/Local/Programs/Local/resources/extraResources/bin/wp-cli/wp-cli.phar/php/boot-phar.php(20): include('phar://C:/Users...')
#5 C:\Users\Ne.N.Reh\AppData\Local\Programs\Local\resources\extraResources\bin\wp-cli\wp-cli.phar(4): include('phar://C:/Users...')
#6 {main}
  thrown in phar://C:/Users/Ne.N.Reh/AppData/Local/Programs/Local/resources/extraResources/bin/wp-cli/wp-cli.phar/vendor/wp-cli/wp-cli/php/WP_CLI/Runner.php on line 1363
[22-May-2024 12:23:59 UTC] PHP Fatal error:  Uncaught Error: Failed opening required 'C:/Users/Ne.N.Reh/Local Sites/charlton-house-of-pizza/app/public/wp-settings.php' (include_path='.:/usr/share/php:/www/wp-content/pear') in phar://C:/Users/Ne.N.Reh/AppData/Local/Programs/Local/resources/extraResources/bin/wp-cli/wp-cli.phar/vendor/wp-cli/wp-cli/php/WP_CLI/Runner.php:1363
Stack trace:
#0 phar://C:/Users/Ne.N.Reh/AppData/Local/Programs/Local/resources/extraResources/bin/wp-cli/wp-cli.phar/vendor/wp-cli/wp-cli/php/WP_CLI/Runner.php(1282): WP_CLI\Runner->load_wordpress()
#1 phar://C:/Users/Ne.N.Reh/AppData/Local/Programs/Local/resources/extraResources/bin/wp-cli/wp-cli.phar/vendor/wp-cli/wp-cli/php/WP_CLI/Bootstrap/LaunchRunner.php(28): WP_CLI\Runner->start()
#2 phar://C:/Users/Ne.N.Reh/AppData/Local/Programs/Local/resources/extraResources/bin/wp-cli/wp-cli.phar/vendor/wp-cli/wp-cli/php/bootstrap.php(83): WP_CLI\Bootstrap\LaunchRunner->process(Object(WP_CLI\Bootstrap\BootstrapState))
#3 phar://C:/Users/Ne.N.Reh/AppData/Local/Programs/Local/resources/extraResources/bin/wp-cli/wp-cli.phar/vendor/wp-cli/wp-cli/php/wp-cli.php(32): WP_CLI\bootstrap()
#4 phar://C:/Users/Ne.N.Reh/AppData/Local/Programs/Local/resources/extraResources/bin/wp-cli/wp-cli.phar/php/boot-phar.php(20): include('phar://C:/Users...')
#5 C:\Users\Ne.N.Reh\AppData\Local\Programs\Local\resources\extraResources\bin\wp-cli\wp-cli.phar(4): include('phar://C:/Users...')
#6 {main}
  thrown in phar://C:/Users/Ne.N.Reh/AppData/Local/Programs/Local/resources/extraResources/bin/wp-cli/wp-cli.phar/vendor/wp-cli/wp-cli/php/WP_CLI/Runner.php on line 1363
[22-May-2024 12:24:04 UTC] PHP Fatal error:  Uncaught Error: Failed opening required 'C:/Users/Ne.N.Reh/Local Sites/charlton-house-of-pizza/app/public/wp-settings.php' (include_path='.:/usr/share/php:/www/wp-content/pear') in phar://C:/Users/Ne.N.Reh/AppData/Local/Programs/Local/resources/extraResources/bin/wp-cli/wp-cli.phar/vendor/wp-cli/wp-cli/php/WP_CLI/Runner.php:1363
Stack trace:
#0 phar://C:/Users/Ne.N.Reh/AppData/Local/Programs/Local/resources/extraResources/bin/wp-cli/wp-cli.phar/vendor/wp-cli/wp-cli/php/WP_CLI/Runner.php(1282): WP_CLI\Runner->load_wordpress()
#1 phar://C:/Users/Ne.N.Reh/AppData/Local/Programs/Local/resources/extraResources/bin/wp-cli/wp-cli.phar/vendor/wp-cli/wp-cli/php/WP_CLI/Bootstrap/LaunchRunner.php(28): WP_CLI\Runner->start()
#2 phar://C:/Users/Ne.N.Reh/AppData/Local/Programs/Local/resources/extraResources/bin/wp-cli/wp-cli.phar/vendor/wp-cli/wp-cli/php/bootstrap.php(83): WP_CLI\Bootstrap\LaunchRunner->process(Object(WP_CLI\Bootstrap\BootstrapState))
#3 phar://C:/Users/Ne.N.Reh/AppData/Local/Programs/Local/resources/extraResources/bin/wp-cli/wp-cli.phar/vendor/wp-cli/wp-cli/php/wp-cli.php(32): WP_CLI\bootstrap()
#4 phar://C:/Users/Ne.N.Reh/AppData/Local/Programs/Local/resources/extraResources/bin/wp-cli/wp-cli.phar/php/boot-phar.php(20): include('phar://C:/Users...')
#5 C:\Users\Ne.N.Reh\AppData\Local\Programs\Local\resources\extraResources\bin\wp-cli\wp-cli.phar(4): include('phar://C:/Users...')
#6 {main}
  thrown in phar://C:/Users/Ne.N.Reh/AppData/Local/Programs/Local/resources/extraResources/bin/wp-cli/wp-cli.phar/vendor/wp-cli/wp-cli/php/WP_CLI/Runner.php on line 1363
[22-May-2024 12:24:06 UTC] PHP Fatal error:  Uncaught Error: Failed opening required 'C:/Users/Ne.N.Reh/Local Sites/charlton-house-of-pizza/app/public/wp-settings.php' (include_path='.:/usr/share/php:/www/wp-content/pear') in phar://C:/Users/Ne.N.Reh/AppData/Local/Programs/Local/resources/extraResources/bin/wp-cli/wp-cli.phar/vendor/wp-cli/wp-cli/php/WP_CLI/Runner.php:1363
Stack trace:
#0 phar://C:/Users/Ne.N.Reh/AppData/Local/Programs/Local/resources/extraResources/bin/wp-cli/wp-cli.phar/vendor/wp-cli/eval-command/src/Eval_Command.php(36): WP_CLI\Runner->load_wordpress()
#1 [internal function]: Eval_Command->__invoke(Array, Array)
#2 phar://C:/Users/Ne.N.Reh/AppData/Local/Programs/Local/resources/extraResources/bin/wp-cli/wp-cli.phar/vendor/wp-cli/wp-cli/php/WP_CLI/Dispatcher/CommandFactory.php(100): call_user_func(Array, Array, Array)
#3 [internal function]: WP_CLI\Dispatcher\CommandFactory::WP_CLI\Dispatcher\{closure}(Array, Array)
#4 phar://C:/Users/Ne.N.Reh/AppData/Local/Programs/Local/resources/extraResources/bin/wp-cli/wp-cli.phar/vendor/wp-cli/wp-cli/php/WP_CLI/Dispatcher/Subcommand.php(488): call_user_func(Object(Closure), Array, Array)
#5 phar://C:/Users/Ne.N.Reh/AppData/Local/Programs/Local/resources/extraResources/bin/wp-cli/wp-cli.phar/vendor/wp-cli/wp-cli/php/WP_CLI/Runner.php(436): WP_CLI\Dispatcher\Subcommand->invoke(Array, Array, Array)
#6 phar://C:/Users/Ne.N.Reh/AppData/Local/Programs/Local/resources/extraResources/bin/wp-cli/wp-cli.phar/vendor/wp-cli/wp-cli/php/WP_CLI/Runner.php(459): WP_CLI\Runner->run_command(Array, Array)
#7 phar://C:/Users/Ne.N.Reh/AppData/Local/Programs/Local/resources/extraResources/bin/wp-cli/wp-cli.phar/vendor/wp-cli/wp-cli/php/WP_CLI/Runner.php(136): WP_CLI\Runner->run_command_and_exit()
#8 phar://C:/Users/Ne.N.Reh/AppData/Local/Programs/Local/resources/extraResources/bin/wp-cli/wp-cli.phar/vendor/wp-cli/wp-cli/php/WP_CLI/Runner.php(1217): WP_CLI\Runner->do_early_invoke('before_wp_load')
#9 phar://C:/Users/Ne.N.Reh/AppData/Local/Programs/Local/resources/extraResources/bin/wp-cli/wp-cli.phar/vendor/wp-cli/wp-cli/php/WP_CLI/Bootstrap/LaunchRunner.php(28): WP_CLI\Runner->start()
#10 phar://C:/Users/Ne.N.Reh/AppData/Local/Programs/Local/resources/extraResources/bin/wp-cli/wp-cli.phar/vendor/wp-cli/wp-cli/php/bootstrap.php(83): WP_CLI\Bootstrap\LaunchRunner->process(Object(WP_CLI\Bootstrap\BootstrapState))
#11 phar://C:/Users/Ne.N.Reh/AppData/Local/Programs/Local/resources/extraResources/bin/wp-cli/wp-cli.phar/vendor/wp-cli/wp-cli/php/wp-cli.php(32): WP_CLI\bootstrap()
#12 phar://C:/Users/Ne.N.Reh/AppData/Local/Programs/Local/resources/extraResources/bin/wp-cli/wp-cli.phar/php/boot-phar.php(20): include('phar://C:/Users...')
#13 C:\Users\Ne.N.Reh\AppData\Local\Programs\Local\resources\extraResources\bin\wp-cli\wp-cli.phar(4): include('phar://C:/Users...')
#14 {main}
  thrown in phar://C:/Users/Ne.N.Reh/AppData/Local/Programs/Local/resources/extraResources/bin/wp-cli/wp-cli.phar/vendor/wp-cli/wp-cli/php/WP_CLI/Runner.php on line 1363
[22-May-2024 12:24:07 UTC] PHP Fatal error:  Uncaught Error: Failed opening required 'C:/Users/Ne.N.Reh/Local Sites/charlton-house-of-pizza/app/public/wp-settings.php' (include_path='.:/usr/share/php:/www/wp-content/pear') in phar://C:/Users/Ne.N.Reh/AppData/Local/Programs/Local/resources/extraResources/bin/wp-cli/wp-cli.phar/vendor/wp-cli/wp-cli/php/WP_CLI/Runner.php:1363
Stack trace:
#0 phar://C:/Users/Ne.N.Reh/AppData/Local/Programs/Local/resources/extraResources/bin/wp-cli/wp-cli.phar/vendor/wp-cli/wp-cli/php/WP_CLI/Runner.php(1282): WP_CLI\Runner->load_wordpress()
#1 phar://C:/Users/Ne.N.Reh/AppData/Local/Programs/Local/resources/extraResources/bin/wp-cli/wp-cli.phar/vendor/wp-cli/wp-cli/php/WP_CLI/Bootstrap/LaunchRunner.php(28): WP_CLI\Runner->start()
#2 phar://C:/Users/Ne.N.Reh/AppData/Local/Programs/Local/resources/extraResources/bin/wp-cli/wp-cli.phar/vendor/wp-cli/wp-cli/php/bootstrap.php(83): WP_CLI\Bootstrap\LaunchRunner->process(Object(WP_CLI\Bootstrap\BootstrapState))
#3 phar://C:/Users/Ne.N.Reh/AppData/Local/Programs/Local/resources/extraResources/bin/wp-cli/wp-cli.phar/vendor/wp-cli/wp-cli/php/wp-cli.php(32): WP_CLI\bootstrap()
#4 phar://C:/Users/Ne.N.Reh/AppData/Local/Programs/Local/resources/extraResources/bin/wp-cli/wp-cli.phar/php/boot-phar.php(20): include('phar://C:/Users...')
#5 C:\Users\Ne.N.Reh\AppData\Local\Programs\Local\resources\extraResources\bin\wp-cli\wp-cli.phar(4): include('phar://C:/Users...')
#6 {main}
  thrown in phar://C:/Users/Ne.N.Reh/AppData/Local/Programs/Local/resources/extraResources/bin/wp-cli/wp-cli.phar/vendor/wp-cli/wp-cli/php/WP_CLI/Runner.php on line 1363
[22-May-2024 12:25:40 UTC] PHP Fatal error:  Uncaught Error: Failed opening required 'C:/Users/Ne.N.Reh/Local Sites/charlton-house-of-pizza/app/public/wp-settings.php' (include_path='.:/usr/share/php:/www/wp-content/pear') in phar://C:/Users/Ne.N.Reh/AppData/Local/Programs/Local/resources/extraResources/bin/wp-cli/wp-cli.phar/vendor/wp-cli/wp-cli/php/WP_CLI/Runner.php:1363
Stack trace:
#0 phar://C:/Users/Ne.N.Reh/AppData/Local/Programs/Local/resources/extraResources/bin/wp-cli/wp-cli.phar/vendor/wp-cli/wp-cli/php/WP_CLI/Runner.php(1282): WP_CLI\Runner->load_wordpress()
#1 phar://C:/Users/Ne.N.Reh/AppData/Local/Programs/Local/resources/extraResources/bin/wp-cli/wp-cli.phar/vendor/wp-cli/wp-cli/php/WP_CLI/Bootstrap/LaunchRunner.php(28): WP_CLI\Runner->start()
#2 phar://C:/Users/Ne.N.Reh/AppData/Local/Programs/Local/resources/extraResources/bin/wp-cli/wp-cli.phar/vendor/wp-cli/wp-cli/php/bootstrap.php(83): WP_CLI\Bootstrap\LaunchRunner->process(Object(WP_CLI\Bootstrap\BootstrapState))
#3 phar://C:/Users/Ne.N.Reh/AppData/Local/Programs/Local/resources/extraResources/bin/wp-cli/wp-cli.phar/vendor/wp-cli/wp-cli/php/wp-cli.php(32): WP_CLI\bootstrap()
#4 phar://C:/Users/Ne.N.Reh/AppData/Local/Programs/Local/resources/extraResources/bin/wp-cli/wp-cli.phar/php/boot-phar.php(20): include('phar://C:/Users...')
#5 C:\Users\Ne.N.Reh\AppData\Local\Programs\Local\resources\extraResources\bin\wp-cli\wp-cli.phar(4): include('phar://C:/Users...')
#6 {main}
  thrown in phar://C:/Users/Ne.N.Reh/AppData/Local/Programs/Local/resources/extraResources/bin/wp-cli/wp-cli.phar/vendor/wp-cli/wp-cli/php/WP_CLI/Runner.php on line 1363
[22-May-2024 12:25:40 UTC] PHP Fatal error:  Uncaught Error: Failed opening required 'C:/Users/Ne.N.Reh/Local Sites/charlton-house-of-pizza/app/public/wp-settings.php' (include_path='.:/usr/share/php:/www/wp-content/pear') in phar://C:/Users/Ne.N.Reh/AppData/Local/Programs/Local/resources/extraResources/bin/wp-cli/wp-cli.phar/vendor/wp-cli/wp-cli/php/WP_CLI/Runner.php:1363
Stack trace:
#0 phar://C:/Users/Ne.N.Reh/AppData/Local/Programs/Local/resources/extraResources/bin/wp-cli/wp-cli.phar/vendor/wp-cli/wp-cli/php/WP_CLI/Runner.php(1282): WP_CLI\Runner->load_wordpress()
#1 phar://C:/Users/Ne.N.Reh/AppData/Local/Programs/Local/resources/extraResources/bin/wp-cli/wp-cli.phar/vendor/wp-cli/wp-cli/php/WP_CLI/Bootstrap/LaunchRunner.php(28): WP_CLI\Runner->start()
#2 phar://C:/Users/Ne.N.Reh/AppData/Local/Programs/Local/resources/extraResources/bin/wp-cli/wp-cli.phar/vendor/wp-cli/wp-cli/php/bootstrap.php(83): WP_CLI\Bootstrap\LaunchRunner->process(Object(WP_CLI\Bootstrap\BootstrapState))
#3 phar://C:/Users/Ne.N.Reh/AppData/Local/Programs/Local/resources/extraResources/bin/wp-cli/wp-cli.phar/vendor/wp-cli/wp-cli/php/wp-cli.php(32): WP_CLI\bootstrap()
#4 phar://C:/Users/Ne.N.Reh/AppData/Local/Programs/Local/resources/extraResources/bin/wp-cli/wp-cli.phar/php/boot-phar.php(20): include('phar://C:/Users...')
#5 C:\Users\Ne.N.Reh\AppData\Local\Programs\Local\resources\extraResources\bin\wp-cli\wp-cli.phar(4): include('phar://C:/Users...')
#6 {main}
  thrown in phar://C:/Users/Ne.N.Reh/AppData/Local/Programs/Local/resources/extraResources/bin/wp-cli/wp-cli.phar/vendor/wp-cli/wp-cli/php/WP_CLI/Runner.php on line 1363
[22-May-2024 12:25:43 UTC] PHP Fatal error:  Uncaught Error: Failed opening required 'C:/Users/Ne.N.Reh/Local Sites/charlton-house-of-pizza/app/public/wp-settings.php' (include_path='.:/usr/share/php:/www/wp-content/pear') in phar://C:/Users/Ne.N.Reh/AppData/Local/Programs/Local/resources/extraResources/bin/wp-cli/wp-cli.phar/vendor/wp-cli/wp-cli/php/WP_CLI/Runner.php:1363
Stack trace:
#0 phar://C:/Users/Ne.N.Reh/AppData/Local/Programs/Local/resources/extraResources/bin/wp-cli/wp-cli.phar/vendor/wp-cli/wp-cli/php/WP_CLI/Runner.php(1282): WP_CLI\Runner->load_wordpress()
#1 phar://C:/Users/Ne.N.Reh/AppData/Local/Programs/Local/resources/extraResources/bin/wp-cli/wp-cli.phar/vendor/wp-cli/wp-cli/php/WP_CLI/Bootstrap/LaunchRunner.php(28): WP_CLI\Runner->start()
#2 phar://C:/Users/Ne.N.Reh/AppData/Local/Programs/Local/resources/extraResources/bin/wp-cli/wp-cli.phar/vendor/wp-cli/wp-cli/php/bootstrap.php(83): WP_CLI\Bootstrap\LaunchRunner->process(Object(WP_CLI\Bootstrap\BootstrapState))
#3 phar://C:/Users/Ne.N.Reh/AppData/Local/Programs/Local/resources/extraResources/bin/wp-cli/wp-cli.phar/vendor/wp-cli/wp-cli/php/wp-cli.php(32): WP_CLI\bootstrap()
#4 phar://C:/Users/Ne.N.Reh/AppData/Local/Programs/Local/resources/extraResources/bin/wp-cli/wp-cli.phar/php/boot-phar.php(20): include('phar://C:/Users...')
#5 C:\Users\Ne.N.Reh\AppData\Local\Programs\Local\resources\extraResources\bin\wp-cli\wp-cli.phar(4): include('phar://C:/Users...')
#6 {main}
  thrown in phar://C:/Users/Ne.N.Reh/AppData/Local/Programs/Local/resources/extraResources/bin/wp-cli/wp-cli.phar/vendor/wp-cli/wp-cli/php/WP_CLI/Runner.php on line 1363
[22-May-2024 12:25:44 UTC] PHP Fatal error:  Uncaught Error: Failed opening required 'C:/Users/Ne.N.Reh/Local Sites/charlton-house-of-pizza/app/public/wp-settings.php' (include_path='.:/usr/share/php:/www/wp-content/pear') in phar://C:/Users/Ne.N.Reh/AppData/Local/Programs/Local/resources/extraResources/bin/wp-cli/wp-cli.phar/vendor/wp-cli/wp-cli/php/WP_CLI/Runner.php:1363
Stack trace:
#0 phar://C:/Users/Ne.N.Reh/AppData/Local/Programs/Local/resources/extraResources/bin/wp-cli/wp-cli.phar/vendor/wp-cli/eval-command/src/Eval_Command.php(36): WP_CLI\Runner->load_wordpress()
#1 [internal function]: Eval_Command->__invoke(Array, Array)
#2 phar://C:/Users/Ne.N.Reh/AppData/Local/Programs/Local/resources/extraResources/bin/wp-cli/wp-cli.phar/vendor/wp-cli/wp-cli/php/WP_CLI/Dispatcher/CommandFactory.php(100): call_user_func(Array, Array, Array)
#3 [internal function]: WP_CLI\Dispatcher\CommandFactory::WP_CLI\Dispatcher\{closure}(Array, Array)
#4 phar://C:/Users/Ne.N.Reh/AppData/Local/Programs/Local/resources/extraResources/bin/wp-cli/wp-cli.phar/vendor/wp-cli/wp-cli/php/WP_CLI/Dispatcher/Subcommand.php(488): call_user_func(Object(Closure), Array, Array)
#5 phar://C:/Users/Ne.N.Reh/AppData/Local/Programs/Local/resources/extraResources/bin/wp-cli/wp-cli.phar/vendor/wp-cli/wp-cli/php/WP_CLI/Runner.php(436): WP_CLI\Dispatcher\Subcommand->invoke(Array, Array, Array)
#6 phar://C:/Users/Ne.N.Reh/AppData/Local/Programs/Local/resources/extraResources/bin/wp-cli/wp-cli.phar/vendor/wp-cli/wp-cli/php/WP_CLI/Runner.php(459): WP_CLI\Runner->run_command(Array, Array)
#7 phar://C:/Users/Ne.N.Reh/AppData/Local/Programs/Local/resources/extraResources/bin/wp-cli/wp-cli.phar/vendor/wp-cli/wp-cli/php/WP_CLI/Runner.php(136): WP_CLI\Runner->run_command_and_exit()
#8 phar://C:/Users/Ne.N.Reh/AppData/Local/Programs/Local/resources/extraResources/bin/wp-cli/wp-cli.phar/vendor/wp-cli/wp-cli/php/WP_CLI/Runner.php(1217): WP_CLI\Runner->do_early_invoke('before_wp_load')
#9 phar://C:/Users/Ne.N.Reh/AppData/Local/Programs/Local/resources/extraResources/bin/wp-cli/wp-cli.phar/vendor/wp-cli/wp-cli/php/WP_CLI/Bootstrap/LaunchRunner.php(28): WP_CLI\Runner->start()
#10 phar://C:/Users/Ne.N.Reh/AppData/Local/Programs/Local/resources/extraResources/bin/wp-cli/wp-cli.phar/vendor/wp-cli/wp-cli/php/bootstrap.php(83): WP_CLI\Bootstrap\LaunchRunner->process(Object(WP_CLI\Bootstrap\BootstrapState))
#11 phar://C:/Users/Ne.N.Reh/AppData/Local/Programs/Local/resources/extraResources/bin/wp-cli/wp-cli.phar/vendor/wp-cli/wp-cli/php/wp-cli.php(32): WP_CLI\bootstrap()
#12 phar://C:/Users/Ne.N.Reh/AppData/Local/Programs/Local/resources/extraResources/bin/wp-cli/wp-cli.phar/php/boot-phar.php(20): include('phar://C:/Users...')
#13 C:\Users\Ne.N.Reh\AppData\Local\Programs\Local\resources\extraResources\bin\wp-cli\wp-cli.phar(4): include('phar://C:/Users...')
#14 {main}
  thrown in phar://C:/Users/Ne.N.Reh/AppData/Local/Programs/Local/resources/extraResources/bin/wp-cli/wp-cli.phar/vendor/wp-cli/wp-cli/php/WP_CLI/Runner.php on line 1363
[22-May-2024 12:25:45 UTC] PHP Fatal error:  Uncaught Error: Failed opening required 'C:/Users/Ne.N.Reh/Local Sites/charlton-house-of-pizza/app/public/wp-settings.php' (include_path='.:/usr/share/php:/www/wp-content/pear') in phar://C:/Users/Ne.N.Reh/AppData/Local/Programs/Local/resources/extraResources/bin/wp-cli/wp-cli.phar/vendor/wp-cli/wp-cli/php/WP_CLI/Runner.php:1363
Stack trace:
#0 phar://C:/Users/Ne.N.Reh/AppData/Local/Programs/Local/resources/extraResources/bin/wp-cli/wp-cli.phar/vendor/wp-cli/wp-cli/php/WP_CLI/Runner.php(1282): WP_CLI\Runner->load_wordpress()
#1 phar://C:/Users/Ne.N.Reh/AppData/Local/Programs/Local/resources/extraResources/bin/wp-cli/wp-cli.phar/vendor/wp-cli/wp-cli/php/WP_CLI/Bootstrap/LaunchRunner.php(28): WP_CLI\Runner->start()
#2 phar://C:/Users/Ne.N.Reh/AppData/Local/Programs/Local/resources/extraResources/bin/wp-cli/wp-cli.phar/vendor/wp-cli/wp-cli/php/bootstrap.php(83): WP_CLI\Bootstrap\LaunchRunner->process(Object(WP_CLI\Bootstrap\BootstrapState))
#3 phar://C:/Users/Ne.N.Reh/AppData/Local/Programs/Local/resources/extraResources/bin/wp-cli/wp-cli.phar/vendor/wp-cli/wp-cli/php/wp-cli.php(32): WP_CLI\bootstrap()
#4 phar://C:/Users/Ne.N.Reh/AppData/Local/Programs/Local/resources/extraResources/bin/wp-cli/wp-cli.phar/php/boot-phar.php(20): include('phar://C:/Users...')
#5 C:\Users\Ne.N.Reh\AppData\Local\Programs\Local\resources\extraResources\bin\wp-cli\wp-cli.phar(4): include('phar://C:/Users...')
#6 {main}
  thrown in phar://C:/Users/Ne.N.Reh/AppData/Local/Programs/Local/resources/extraResources/bin/wp-cli/wp-cli.phar/vendor/wp-cli/wp-cli/php/WP_CLI/Runner.php on line 1363
[22-May-2024 12:25:54 UTC] PHP Fatal error:  Uncaught Error: Failed opening required 'C:/Users/Ne.N.Reh/Local Sites/charlton-house-of-pizza/app/public/wp-settings.php' (include_path='.:/usr/share/php:/www/wp-content/pear') in phar://C:/Users/Ne.N.Reh/AppData/Local/Programs/Local/resources/extraResources/bin/wp-cli/wp-cli.phar/vendor/wp-cli/wp-cli/php/WP_CLI/Runner.php:1363
Stack trace:
#0 phar://C:/Users/Ne.N.Reh/AppData/Local/Programs/Local/resources/extraResources/bin/wp-cli/wp-cli.phar/vendor/wp-cli/eval-command/src/Eval_Command.php(36): WP_CLI\Runner->load_wordpress()
#1 [internal function]: Eval_Command->__invoke(Array, Array)
#2 phar://C:/Users/Ne.N.Reh/AppData/Local/Programs/Local/resources/extraResources/bin/wp-cli/wp-cli.phar/vendor/wp-cli/wp-cli/php/WP_CLI/Dispatcher/CommandFactory.php(100): call_user_func(Array, Array, Array)
#3 [internal function]: WP_CLI\Dispatcher\CommandFactory::WP_CLI\Dispatcher\{closure}(Array, Array)
#4 phar://C:/Users/Ne.N.Reh/AppData/Local/Programs/Local/resources/extraResources/bin/wp-cli/wp-cli.phar/vendor/wp-cli/wp-cli/php/WP_CLI/Dispatcher/Subcommand.php(488): call_user_func(Object(Closure), Array, Array)
#5 phar://C:/Users/Ne.N.Reh/AppData/Local/Programs/Local/resources/extraResources/bin/wp-cli/wp-cli.phar/vendor/wp-cli/wp-cli/php/WP_CLI/Runner.php(436): WP_CLI\Dispatcher\Subcommand->invoke(Array, Array, Array)
#6 phar://C:/Users/Ne.N.Reh/AppData/Local/Programs/Local/resources/extraResources/bin/wp-cli/wp-cli.phar/vendor/wp-cli/wp-cli/php/WP_CLI/Runner.php(459): WP_CLI\Runner->run_command(Array, Array)
#7 phar://C:/Users/Ne.N.Reh/AppData/Local/Programs/Local/resources/extraResources/bin/wp-cli/wp-cli.phar/vendor/wp-cli/wp-cli/php/WP_CLI/Runner.php(136): WP_CLI\Runner->run_command_and_exit()
#8 phar://C:/Users/Ne.N.Reh/AppData/Local/Programs/Local/resources/extraResources/bin/wp-cli/wp-cli.phar/vendor/wp-cli/wp-cli/php/WP_CLI/Runner.php(1217): WP_CLI\Runner->do_early_invoke('before_wp_load')
#9 phar://C:/Users/Ne.N.Reh/AppData/Local/Programs/Local/resources/extraResources/bin/wp-cli/wp-cli.phar/vendor/wp-cli/wp-cli/php/WP_CLI/Bootstrap/LaunchRunner.php(28): WP_CLI\Runner->start()
#10 phar://C:/Users/Ne.N.Reh/AppData/Local/Programs/Local/resources/extraResources/bin/wp-cli/wp-cli.phar/vendor/wp-cli/wp-cli/php/bootstrap.php(83): WP_CLI\Bootstrap\LaunchRunner->process(Object(WP_CLI\Bootstrap\BootstrapState))
#11 phar://C:/Users/Ne.N.Reh/AppData/Local/Programs/Local/resources/extraResources/bin/wp-cli/wp-cli.phar/vendor/wp-cli/wp-cli/php/wp-cli.php(32): WP_CLI\bootstrap()
#12 phar://C:/Users/Ne.N.Reh/AppData/Local/Programs/Local/resources/extraResources/bin/wp-cli/wp-cli.phar/php/boot-phar.php(20): include('phar://C:/Users...')
#13 C:\Users\Ne.N.Reh\AppData\Local\Programs\Local\resources\extraResources\bin\wp-cli\wp-cli.phar(4): include('phar://C:/Users...')
#14 {main}
  thrown in phar://C:/Users/Ne.N.Reh/AppData/Local/Programs/Local/resources/extraResources/bin/wp-cli/wp-cli.phar/vendor/wp-cli/wp-cli/php/WP_CLI/Runner.php on line 1363
[22-May-2024 12:30:06 UTC] PHP Fatal error:  Uncaught Error: Failed opening required 'C:/Users/Ne.N.Reh/Local Sites/charlton-house-of-pizza/app/public/wp-settings.php' (include_path='.:/usr/share/php:/www/wp-content/pear') in phar://C:/Users/Ne.N.Reh/AppData/Local/Programs/Local/resources/extraResources/bin/wp-cli/wp-cli.phar/vendor/wp-cli/wp-cli/php/WP_CLI/Runner.php:1363
Stack trace:
#0 phar://C:/Users/Ne.N.Reh/AppData/Local/Programs/Local/resources/extraResources/bin/wp-cli/wp-cli.phar/vendor/wp-cli/wp-cli/php/WP_CLI/Runner.php(1282): WP_CLI\Runner->load_wordpress()
#1 phar://C:/Users/Ne.N.Reh/AppData/Local/Programs/Local/resources/extraResources/bin/wp-cli/wp-cli.phar/vendor/wp-cli/wp-cli/php/WP_CLI/Bootstrap/LaunchRunner.php(28): WP_CLI\Runner->start()
#2 phar://C:/Users/Ne.N.Reh/AppData/Local/Programs/Local/resources/extraResources/bin/wp-cli/wp-cli.phar/vendor/wp-cli/wp-cli/php/bootstrap.php(83): WP_CLI\Bootstrap\LaunchRunner->process(Object(WP_CLI\Bootstrap\BootstrapState))
#3 phar://C:/Users/Ne.N.Reh/AppData/Local/Programs/Local/resources/extraResources/bin/wp-cli/wp-cli.phar/vendor/wp-cli/wp-cli/php/wp-cli.php(32): WP_CLI\bootstrap()
#4 phar://C:/Users/Ne.N.Reh/AppData/Local/Programs/Local/resources/extraResources/bin/wp-cli/wp-cli.phar/php/boot-phar.php(20): include('phar://C:/Users...')
#5 C:\Users\Ne.N.Reh\AppData\Local\Programs\Local\resources\extraResources\bin\wp-cli\wp-cli.phar(4): include('phar://C:/Users...')
#6 {main}
  thrown in phar://C:/Users/Ne.N.Reh/AppData/Local/Programs/Local/resources/extraResources/bin/wp-cli/wp-cli.phar/vendor/wp-cli/wp-cli/php/WP_CLI/Runner.php on line 1363
[22-May-2024 12:30:07 UTC] PHP Fatal error:  Uncaught Error: Failed opening required 'C:/Users/Ne.N.Reh/Local Sites/charlton-house-of-pizza/app/public/wp-settings.php' (include_path='.:/usr/share/php:/www/wp-content/pear') in phar://C:/Users/Ne.N.Reh/AppData/Local/Programs/Local/resources/extraResources/bin/wp-cli/wp-cli.phar/vendor/wp-cli/wp-cli/php/WP_CLI/Runner.php:1363
Stack trace:
#0 phar://C:/Users/Ne.N.Reh/AppData/Local/Programs/Local/resources/extraResources/bin/wp-cli/wp-cli.phar/vendor/wp-cli/eval-command/src/Eval_Command.php(36): WP_CLI\Runner->load_wordpress()
#1 [internal function]: Eval_Command->__invoke(Array, Array)
#2 phar://C:/Users/Ne.N.Reh/AppData/Local/Programs/Local/resources/extraResources/bin/wp-cli/wp-cli.phar/vendor/wp-cli/wp-cli/php/WP_CLI/Dispatcher/CommandFactory.php(100): call_user_func(Array, Array, Array)
#3 [internal function]: WP_CLI\Dispatcher\CommandFactory::WP_CLI\Dispatcher\{closure}(Array, Array)
#4 phar://C:/Users/Ne.N.Reh/AppData/Local/Programs/Local/resources/extraResources/bin/wp-cli/wp-cli.phar/vendor/wp-cli/wp-cli/php/WP_CLI/Dispatcher/Subcommand.php(488): call_user_func(Object(Closure), Array, Array)
#5 phar://C:/Users/Ne.N.Reh/AppData/Local/Programs/Local/resources/extraResources/bin/wp-cli/wp-cli.phar/vendor/wp-cli/wp-cli/php/WP_CLI/Runner.php(436): WP_CLI\Dispatcher\Subcommand->invoke(Array, Array, Array)
#6 phar://C:/Users/Ne.N.Reh/AppData/Local/Programs/Local/resources/extraResources/bin/wp-cli/wp-cli.phar/vendor/wp-cli/wp-cli/php/WP_CLI/Runner.php(459): WP_CLI\Runner->run_command(Array, Array)
#7 phar://C:/Users/Ne.N.Reh/AppData/Local/Programs/Local/resources/extraResources/bin/wp-cli/wp-cli.phar/vendor/wp-cli/wp-cli/php/WP_CLI/Runner.php(136): WP_CLI\Runner->run_command_and_exit()
#8 phar://C:/Users/Ne.N.Reh/AppData/Local/Programs/Local/resources/extraResources/bin/wp-cli/wp-cli.phar/vendor/wp-cli/wp-cli/php/WP_CLI/Runner.php(1217): WP_CLI\Runner->do_early_invoke('before_wp_load')
#9 phar://C:/Users/Ne.N.Reh/AppData/Local/Programs/Local/resources/extraResources/bin/wp-cli/wp-cli.phar/vendor/wp-cli/wp-cli/php/WP_CLI/Bootstrap/LaunchRunner.php(28): WP_CLI\Runner->start()
#10 phar://C:/Users/Ne.N.Reh/AppData/Local/Programs/Local/resources/extraResources/bin/wp-cli/wp-cli.phar/vendor/wp-cli/wp-cli/php/bootstrap.php(83): WP_CLI\Bootstrap\LaunchRunner->process(Object(WP_CLI\Bootstrap\BootstrapState))
#11 phar://C:/Users/Ne.N.Reh/AppData/Local/Programs/Local/resources/extraResources/bin/wp-cli/wp-cli.phar/vendor/wp-cli/wp-cli/php/wp-cli.php(32): WP_CLI\bootstrap()
#12 phar://C:/Users/Ne.N.Reh/AppData/Local/Programs/Local/resources/extraResources/bin/wp-cli/wp-cli.phar/php/boot-phar.php(20): include('phar://C:/Users...')
#13 C:\Users\Ne.N.Reh\AppData\Local\Programs\Local\resources\extraResources\bin\wp-cli\wp-cli.phar(4): include('phar://C:/Users...')
#14 {main}
  thrown in phar://C:/Users/Ne.N.Reh/AppData/Local/Programs/Local/resources/extraResources/bin/wp-cli/wp-cli.phar/vendor/wp-cli/wp-cli/php/WP_CLI/Runner.php on line 1363
[22-May-2024 12:30:07 UTC] PHP Fatal error:  Uncaught Error: Failed opening required 'C:/Users/Ne.N.Reh/Local Sites/charlton-house-of-pizza/app/public/wp-settings.php' (include_path='.:/usr/share/php:/www/wp-content/pear') in phar://C:/Users/Ne.N.Reh/AppData/Local/Programs/Local/resources/extraResources/bin/wp-cli/wp-cli.phar/vendor/wp-cli/wp-cli/php/WP_CLI/Runner.php:1363
Stack trace:
#0 phar://C:/Users/Ne.N.Reh/AppData/Local/Programs/Local/resources/extraResources/bin/wp-cli/wp-cli.phar/vendor/wp-cli/wp-cli/php/WP_CLI/Runner.php(1282): WP_CLI\Runner->load_wordpress()
#1 phar://C:/Users/Ne.N.Reh/AppData/Local/Programs/Local/resources/extraResources/bin/wp-cli/wp-cli.phar/vendor/wp-cli/wp-cli/php/WP_CLI/Bootstrap/LaunchRunner.php(28): WP_CLI\Runner->start()
#2 phar://C:/Users/Ne.N.Reh/AppData/Local/Programs/Local/resources/extraResources/bin/wp-cli/wp-cli.phar/vendor/wp-cli/wp-cli/php/bootstrap.php(83): WP_CLI\Bootstrap\LaunchRunner->process(Object(WP_CLI\Bootstrap\BootstrapState))
#3 phar://C:/Users/Ne.N.Reh/AppData/Local/Programs/Local/resources/extraResources/bin/wp-cli/wp-cli.phar/vendor/wp-cli/wp-cli/php/wp-cli.php(32): WP_CLI\bootstrap()
#4 phar://C:/Users/Ne.N.Reh/AppData/Local/Programs/Local/resources/extraResources/bin/wp-cli/wp-cli.phar/php/boot-phar.php(20): include('phar://C:/Users...')
#5 C:\Users\Ne.N.Reh\AppData\Local\Programs\Local\resources\extraResources\bin\wp-cli\wp-cli.phar(4): include('phar://C:/Users...')
#6 {main}
  thrown in phar://C:/Users/Ne.N.Reh/AppData/Local/Programs/Local/resources/extraResources/bin/wp-cli/wp-cli.phar/vendor/wp-cli/wp-cli/php/WP_CLI/Runner.php on line 1363
[22-May-2024 12:30:07 UTC] PHP Fatal error:  Uncaught Error: Failed opening required 'C:/Users/Ne.N.Reh/Local Sites/charlton-house-of-pizza/app/public/wp-settings.php' (include_path='.:/usr/share/php:/www/wp-content/pear') in phar://C:/Users/Ne.N.Reh/AppData/Local/Programs/Local/resources/extraResources/bin/wp-cli/wp-cli.phar/vendor/wp-cli/wp-cli/php/WP_CLI/Runner.php:1363
Stack trace:
#0 phar://C:/Users/Ne.N.Reh/AppData/Local/Programs/Local/resources/extraResources/bin/wp-cli/wp-cli.phar/vendor/wp-cli/wp-cli/php/WP_CLI/Runner.php(1282): WP_CLI\Runner->load_wordpress()
#1 phar://C:/Users/Ne.N.Reh/AppData/Local/Programs/Local/resources/extraResources/bin/wp-cli/wp-cli.phar/vendor/wp-cli/wp-cli/php/WP_CLI/Bootstrap/LaunchRunner.php(28): WP_CLI\Runner->start()
#2 phar://C:/Users/Ne.N.Reh/AppData/Local/Programs/Local/resources/extraResources/bin/wp-cli/wp-cli.phar/vendor/wp-cli/wp-cli/php/bootstrap.php(83): WP_CLI\Bootstrap\LaunchRunner->process(Object(WP_CLI\Bootstrap\BootstrapState))
#3 phar://C:/Users/Ne.N.Reh/AppData/Local/Programs/Local/resources/extraResources/bin/wp-cli/wp-cli.phar/vendor/wp-cli/wp-cli/php/wp-cli.php(32): WP_CLI\bootstrap()
#4 phar://C:/Users/Ne.N.Reh/AppData/Local/Programs/Local/resources/extraResources/bin/wp-cli/wp-cli.phar/php/boot-phar.php(20): include('phar://C:/Users...')
#5 C:\Users\Ne.N.Reh\AppData\Local\Programs\Local\resources\extraResources\bin\wp-cli\wp-cli.phar(4): include('phar://C:/Users...')
#6 {main}
  thrown in phar://C:/Users/Ne.N.Reh/AppData/Local/Programs/Local/resources/extraResources/bin/wp-cli/wp-cli.phar/vendor/wp-cli/wp-cli/php/WP_CLI/Runner.php on line 1363
[22-May-2024 12:30:07 UTC] PHP Fatal error:  Uncaught Error: Failed opening required 'C:/Users/Ne.N.Reh/Local Sites/charlton-house-of-pizza/app/public/wp-settings.php' (include_path='.:/usr/share/php:/www/wp-content/pear') in phar://C:/Users/Ne.N.Reh/AppData/Local/Programs/Local/resources/extraResources/bin/wp-cli/wp-cli.phar/vendor/wp-cli/wp-cli/php/WP_CLI/Runner.php:1363
Stack trace:
#0 phar://C:/Users/Ne.N.Reh/AppData/Local/Programs/Local/resources/extraResources/bin/wp-cli/wp-cli.phar/vendor/wp-cli/wp-cli/php/WP_CLI/Runner.php(1282): WP_CLI\Runner->load_wordpress()
#1 phar://C:/Users/Ne.N.Reh/AppData/Local/Programs/Local/resources/extraResources/bin/wp-cli/wp-cli.phar/vendor/wp-cli/wp-cli/php/WP_CLI/Bootstrap/LaunchRunner.php(28): WP_CLI\Runner->start()
#2 phar://C:/Users/Ne.N.Reh/AppData/Local/Programs/Local/resources/extraResources/bin/wp-cli/wp-cli.phar/vendor/wp-cli/wp-cli/php/bootstrap.php(83): WP_CLI\Bootstrap\LaunchRunner->process(Object(WP_CLI\Bootstrap\BootstrapState))
#3 phar://C:/Users/Ne.N.Reh/AppData/Local/Programs/Local/resources/extraResources/bin/wp-cli/wp-cli.phar/vendor/wp-cli/wp-cli/php/wp-cli.php(32): WP_CLI\bootstrap()
#4 phar://C:/Users/Ne.N.Reh/AppData/Local/Programs/Local/resources/extraResources/bin/wp-cli/wp-cli.phar/php/boot-phar.php(20): include('phar://C:/Users...')
#5 C:\Users\Ne.N.Reh\AppData\Local\Programs\Local\resources\extraResources\bin\wp-cli\wp-cli.phar(4): include('phar://C:/Users...')
#6 {main}
  thrown in phar://C:/Users/Ne.N.Reh/AppData/Local/Programs/Local/resources/extraResources/bin/wp-cli/wp-cli.phar/vendor/wp-cli/wp-cli/php/WP_CLI/Runner.php on line 1363
[22-May-2024 12:30:16 UTC] PHP Fatal error:  Uncaught Error: Failed opening required 'C:/Users/Ne.N.Reh/Local Sites/charlton-house-of-pizza/app/public/wp-settings.php' (include_path='.:/usr/share/php:/www/wp-content/pear') in phar://C:/Users/Ne.N.Reh/AppData/Local/Programs/Local/resources/extraResources/bin/wp-cli/wp-cli.phar/vendor/wp-cli/wp-cli/php/WP_CLI/Runner.php:1363
Stack trace:
#0 phar://C:/Users/Ne.N.Reh/AppData/Local/Programs/Local/resources/extraResources/bin/wp-cli/wp-cli.phar/vendor/wp-cli/eval-command/src/Eval_Command.php(36): WP_CLI\Runner->load_wordpress()
#1 [internal function]: Eval_Command->__invoke(Array, Array)
#2 phar://C:/Users/Ne.N.Reh/AppData/Local/Programs/Local/resources/extraResources/bin/wp-cli/wp-cli.phar/vendor/wp-cli/wp-cli/php/WP_CLI/Dispatcher/CommandFactory.php(100): call_user_func(Array, Array, Array)
#3 [internal function]: WP_CLI\Dispatcher\CommandFactory::WP_CLI\Dispatcher\{closure}(Array, Array)
#4 phar://C:/Users/Ne.N.Reh/AppData/Local/Programs/Local/resources/extraResources/bin/wp-cli/wp-cli.phar/vendor/wp-cli/wp-cli/php/WP_CLI/Dispatcher/Subcommand.php(488): call_user_func(Object(Closure), Array, Array)
#5 phar://C:/Users/Ne.N.Reh/AppData/Local/Programs/Local/resources/extraResources/bin/wp-cli/wp-cli.phar/vendor/wp-cli/wp-cli/php/WP_CLI/Runner.php(436): WP_CLI\Dispatcher\Subcommand->invoke(Array, Array, Array)
#6 phar://C:/Users/Ne.N.Reh/AppData/Local/Programs/Local/resources/extraResources/bin/wp-cli/wp-cli.phar/vendor/wp-cli/wp-cli/php/WP_CLI/Runner.php(459): WP_CLI\Runner->run_command(Array, Array)
#7 phar://C:/Users/Ne.N.Reh/AppData/Local/Programs/Local/resources/extraResources/bin/wp-cli/wp-cli.phar/vendor/wp-cli/wp-cli/php/WP_CLI/Runner.php(136): WP_CLI\Runner->run_command_and_exit()
#8 phar://C:/Users/Ne.N.Reh/AppData/Local/Programs/Local/resources/extraResources/bin/wp-cli/wp-cli.phar/vendor/wp-cli/wp-cli/php/WP_CLI/Runner.php(1217): WP_CLI\Runner->do_early_invoke('before_wp_load')
#9 phar://C:/Users/Ne.N.Reh/AppData/Local/Programs/Local/resources/extraResources/bin/wp-cli/wp-cli.phar/vendor/wp-cli/wp-cli/php/WP_CLI/Bootstrap/LaunchRunner.php(28): WP_CLI\Runner->start()
#10 phar://C:/Users/Ne.N.Reh/AppData/Local/Programs/Local/resources/extraResources/bin/wp-cli/wp-cli.phar/vendor/wp-cli/wp-cli/php/bootstrap.php(83): WP_CLI\Bootstrap\LaunchRunner->process(Object(WP_CLI\Bootstrap\BootstrapState))
#11 phar://C:/Users/Ne.N.Reh/AppData/Local/Programs/Local/resources/extraResources/bin/wp-cli/wp-cli.phar/vendor/wp-cli/wp-cli/php/wp-cli.php(32): WP_CLI\bootstrap()
#12 phar://C:/Users/Ne.N.Reh/AppData/Local/Programs/Local/resources/extraResources/bin/wp-cli/wp-cli.phar/php/boot-phar.php(20): include('phar://C:/Users...')
#13 C:\Users\Ne.N.Reh\AppData\Local\Programs\Local\resources\extraResources\bin\wp-cli\wp-cli.phar(4): include('phar://C:/Users...')
#14 {main}
  thrown in phar://C:/Users/Ne.N.Reh/AppData/Local/Programs/Local/resources/extraResources/bin/wp-cli/wp-cli.phar/vendor/wp-cli/wp-cli/php/WP_CLI/Runner.php on line 1363
[22-May-2024 12:31:54 UTC] PHP Fatal error:  Uncaught Error: Failed opening required 'C:/Users/Ne.N.Reh/Local Sites/charlton-house-of-pizza/app/public/wp-settings.php' (include_path='.:/usr/share/php:/www/wp-content/pear') in phar://C:/Users/Ne.N.Reh/AppData/Local/Programs/Local/resources/extraResources/bin/wp-cli/wp-cli.phar/vendor/wp-cli/wp-cli/php/WP_CLI/Runner.php:1363
Stack trace:
#0 phar://C:/Users/Ne.N.Reh/AppData/Local/Programs/Local/resources/extraResources/bin/wp-cli/wp-cli.phar/vendor/wp-cli/wp-cli/php/WP_CLI/Runner.php(1282): WP_CLI\Runner->load_wordpress()
#1 phar://C:/Users/Ne.N.Reh/AppData/Local/Programs/Local/resources/extraResources/bin/wp-cli/wp-cli.phar/vendor/wp-cli/wp-cli/php/WP_CLI/Bootstrap/LaunchRunner.php(28): WP_CLI\Runner->start()
#2 phar://C:/Users/Ne.N.Reh/AppData/Local/Programs/Local/resources/extraResources/bin/wp-cli/wp-cli.phar/vendor/wp-cli/wp-cli/php/bootstrap.php(83): WP_CLI\Bootstrap\LaunchRunner->process(Object(WP_CLI\Bootstrap\BootstrapState))
#3 phar://C:/Users/Ne.N.Reh/AppData/Local/Programs/Local/resources/extraResources/bin/wp-cli/wp-cli.phar/vendor/wp-cli/wp-cli/php/wp-cli.php(32): WP_CLI\bootstrap()
#4 phar://C:/Users/Ne.N.Reh/AppData/Local/Programs/Local/resources/extraResources/bin/wp-cli/wp-cli.phar/php/boot-phar.php(20): include('phar://C:/Users...')
#5 C:\Users\Ne.N.Reh\AppData\Local\Programs\Local\resources\extraResources\bin\wp-cli\wp-cli.phar(4): include('phar://C:/Users...')
#6 {main}
  thrown in phar://C:/Users/Ne.N.Reh/AppData/Local/Programs/Local/resources/extraResources/bin/wp-cli/wp-cli.phar/vendor/wp-cli/wp-cli/php/WP_CLI/Runner.php on line 1363
[22-May-2024 12:31:56 UTC] PHP Fatal error:  Uncaught Error: Failed opening required 'C:/Users/Ne.N.Reh/Local Sites/charlton-house-of-pizza/app/public/wp-settings.php' (include_path='.:/usr/share/php:/www/wp-content/pear') in phar://C:/Users/Ne.N.Reh/AppData/Local/Programs/Local/resources/extraResources/bin/wp-cli/wp-cli.phar/vendor/wp-cli/wp-cli/php/WP_CLI/Runner.php:1363
Stack trace:
#0 phar://C:/Users/Ne.N.Reh/AppData/Local/Programs/Local/resources/extraResources/bin/wp-cli/wp-cli.phar/vendor/wp-cli/wp-cli/php/WP_CLI/Runner.php(1282): WP_CLI\Runner->load_wordpress()
#1 phar://C:/Users/Ne.N.Reh/AppData/Local/Programs/Local/resources/extraResources/bin/wp-cli/wp-cli.phar/vendor/wp-cli/wp-cli/php/WP_CLI/Bootstrap/LaunchRunner.php(28): WP_CLI\Runner->start()
#2 phar://C:/Users/Ne.N.Reh/AppData/Local/Programs/Local/resources/extraResources/bin/wp-cli/wp-cli.phar/vendor/wp-cli/wp-cli/php/bootstrap.php(83): WP_CLI\Bootstrap\LaunchRunner->process(Object(WP_CLI\Bootstrap\BootstrapState))
#3 phar://C:/Users/Ne.N.Reh/AppData/Local/Programs/Local/resources/extraResources/bin/wp-cli/wp-cli.phar/vendor/wp-cli/wp-cli/php/wp-cli.php(32): WP_CLI\bootstrap()
#4 phar://C:/Users/Ne.N.Reh/AppData/Local/Programs/Local/resources/extraResources/bin/wp-cli/wp-cli.phar/php/boot-phar.php(20): include('phar://C:/Users...')
#5 C:\Users\Ne.N.Reh\AppData\Local\Programs\Local\resources\extraResources\bin\wp-cli\wp-cli.phar(4): include('phar://C:/Users...')
#6 {main}
  thrown in phar://C:/Users/Ne.N.Reh/AppData/Local/Programs/Local/resources/extraResources/bin/wp-cli/wp-cli.phar/vendor/wp-cli/wp-cli/php/WP_CLI/Runner.php on line 1363
[22-May-2024 12:31:56 UTC] PHP Fatal error:  Uncaught Error: Failed opening required 'C:/Users/Ne.N.Reh/Local Sites/charlton-house-of-pizza/app/public/wp-settings.php' (include_path='.:/usr/share/php:/www/wp-content/pear') in phar://C:/Users/Ne.N.Reh/AppData/Local/Programs/Local/resources/extraResources/bin/wp-cli/wp-cli.phar/vendor/wp-cli/wp-cli/php/WP_CLI/Runner.php:1363
Stack trace:
#0 phar://C:/Users/Ne.N.Reh/AppData/Local/Programs/Local/resources/extraResources/bin/wp-cli/wp-cli.phar/vendor/wp-cli/wp-cli/php/WP_CLI/Runner.php(1282): WP_CLI\Runner->load_wordpress()
#1 phar://C:/Users/Ne.N.Reh/AppData/Local/Programs/Local/resources/extraResources/bin/wp-cli/wp-cli.phar/vendor/wp-cli/wp-cli/php/WP_CLI/Bootstrap/LaunchRunner.php(28): WP_CLI\Runner->start()
#2 phar://C:/Users/Ne.N.Reh/AppData/Local/Programs/Local/resources/extraResources/bin/wp-cli/wp-cli.phar/vendor/wp-cli/wp-cli/php/bootstrap.php(83): WP_CLI\Bootstrap\LaunchRunner->process(Object(WP_CLI\Bootstrap\BootstrapState))
#3 phar://C:/Users/Ne.N.Reh/AppData/Local/Programs/Local/resources/extraResources/bin/wp-cli/wp-cli.phar/vendor/wp-cli/wp-cli/php/wp-cli.php(32): WP_CLI\bootstrap()
#4 phar://C:/Users/Ne.N.Reh/AppData/Local/Programs/Local/resources/extraResources/bin/wp-cli/wp-cli.phar/php/boot-phar.php(20): include('phar://C:/Users...')
#5 C:\Users\Ne.N.Reh\AppData\Local\Programs\Local\resources\extraResources\bin\wp-cli\wp-cli.phar(4): include('phar://C:/Users...')
#6 {main}
  thrown in phar://C:/Users/Ne.N.Reh/AppData/Local/Programs/Local/resources/extraResources/bin/wp-cli/wp-cli.phar/vendor/wp-cli/wp-cli/php/WP_CLI/Runner.php on line 1363
[22-May-2024 12:31:59 UTC] PHP Fatal error:  Uncaught Error: Failed opening required 'C:/Users/Ne.N.Reh/Local Sites/charlton-house-of-pizza/app/public/wp-settings.php' (include_path='.:/usr/share/php:/www/wp-content/pear') in phar://C:/Users/Ne.N.Reh/AppData/Local/Programs/Local/resources/extraResources/bin/wp-cli/wp-cli.phar/vendor/wp-cli/wp-cli/php/WP_CLI/Runner.php:1363
Stack trace:
#0 phar://C:/Users/Ne.N.Reh/AppData/Local/Programs/Local/resources/extraResources/bin/wp-cli/wp-cli.phar/vendor/wp-cli/wp-cli/php/WP_CLI/Runner.php(1282): WP_CLI\Runner->load_wordpress()
#1 phar://C:/Users/Ne.N.Reh/AppData/Local/Programs/Local/resources/extraResources/bin/wp-cli/wp-cli.phar/vendor/wp-cli/wp-cli/php/WP_CLI/Bootstrap/LaunchRunner.php(28): WP_CLI\Runner->start()
#2 phar://C:/Users/Ne.N.Reh/AppData/Local/Programs/Local/resources/extraResources/bin/wp-cli/wp-cli.phar/vendor/wp-cli/wp-cli/php/bootstrap.php(83): WP_CLI\Bootstrap\LaunchRunner->process(Object(WP_CLI\Bootstrap\BootstrapState))
#3 phar://C:/Users/Ne.N.Reh/AppData/Local/Programs/Local/resources/extraResources/bin/wp-cli/wp-cli.phar/vendor/wp-cli/wp-cli/php/wp-cli.php(32): WP_CLI\bootstrap()
#4 phar://C:/Users/Ne.N.Reh/AppData/Local/Programs/Local/resources/extraResources/bin/wp-cli/wp-cli.phar/php/boot-phar.php(20): include('phar://C:/Users...')
#5 C:\Users\Ne.N.Reh\AppData\Local\Programs\Local\resources\extraResources\bin\wp-cli\wp-cli.phar(4): include('phar://C:/Users...')
#6 {main}
  thrown in phar://C:/Users/Ne.N.Reh/AppData/Local/Programs/Local/resources/extraResources/bin/wp-cli/wp-cli.phar/vendor/wp-cli/wp-cli/php/WP_CLI/Runner.php on line 1363
[22-May-2024 12:32:00 UTC] PHP Fatal error:  Uncaught Error: Failed opening required 'C:/Users/Ne.N.Reh/Local Sites/charlton-house-of-pizza/app/public/wp-settings.php' (include_path='.:/usr/share/php:/www/wp-content/pear') in phar://C:/Users/Ne.N.Reh/AppData/Local/Programs/Local/resources/extraResources/bin/wp-cli/wp-cli.phar/vendor/wp-cli/wp-cli/php/WP_CLI/Runner.php:1363
Stack trace:
#0 phar://C:/Users/Ne.N.Reh/AppData/Local/Programs/Local/resources/extraResources/bin/wp-cli/wp-cli.phar/vendor/wp-cli/eval-command/src/Eval_Command.php(36): WP_CLI\Runner->load_wordpress()
#1 [internal function]: Eval_Command->__invoke(Array, Array)
#2 phar://C:/Users/Ne.N.Reh/AppData/Local/Programs/Local/resources/extraResources/bin/wp-cli/wp-cli.phar/vendor/wp-cli/wp-cli/php/WP_CLI/Dispatcher/CommandFactory.php(100): call_user_func(Array, Array, Array)
#3 [internal function]: WP_CLI\Dispatcher\CommandFactory::WP_CLI\Dispatcher\{closure}(Array, Array)
#4 phar://C:/Users/Ne.N.Reh/AppData/Local/Programs/Local/resources/extraResources/bin/wp-cli/wp-cli.phar/vendor/wp-cli/wp-cli/php/WP_CLI/Dispatcher/Subcommand.php(488): call_user_func(Object(Closure), Array, Array)
#5 phar://C:/Users/Ne.N.Reh/AppData/Local/Programs/Local/resources/extraResources/bin/wp-cli/wp-cli.phar/vendor/wp-cli/wp-cli/php/WP_CLI/Runner.php(436): WP_CLI\Dispatcher\Subcommand->invoke(Array, Array, Array)
#6 phar://C:/Users/Ne.N.Reh/AppData/Local/Programs/Local/resources/extraResources/bin/wp-cli/wp-cli.phar/vendor/wp-cli/wp-cli/php/WP_CLI/Runner.php(459): WP_CLI\Runner->run_command(Array, Array)
#7 phar://C:/Users/Ne.N.Reh/AppData/Local/Programs/Local/resources/extraResources/bin/wp-cli/wp-cli.phar/vendor/wp-cli/wp-cli/php/WP_CLI/Runner.php(136): WP_CLI\Runner->run_command_and_exit()
#8 phar://C:/Users/Ne.N.Reh/AppData/Local/Programs/Local/resources/extraResources/bin/wp-cli/wp-cli.phar/vendor/wp-cli/wp-cli/php/WP_CLI/Runner.php(1217): WP_CLI\Runner->do_early_invoke('before_wp_load')
#9 phar://C:/Users/Ne.N.Reh/AppData/Local/Programs/Local/resources/extraResources/bin/wp-cli/wp-cli.phar/vendor/wp-cli/wp-cli/php/WP_CLI/Bootstrap/LaunchRunner.php(28): WP_CLI\Runner->start()
#10 phar://C:/Users/Ne.N.Reh/AppData/Local/Programs/Local/resources/extraResources/bin/wp-cli/wp-cli.phar/vendor/wp-cli/wp-cli/php/bootstrap.php(83): WP_CLI\Bootstrap\LaunchRunner->process(Object(WP_CLI\Bootstrap\BootstrapState))
#11 phar://C:/Users/Ne.N.Reh/AppData/Local/Programs/Local/resources/extraResources/bin/wp-cli/wp-cli.phar/vendor/wp-cli/wp-cli/php/wp-cli.php(32): WP_CLI\bootstrap()
#12 phar://C:/Users/Ne.N.Reh/AppData/Local/Programs/Local/resources/extraResources/bin/wp-cli/wp-cli.phar/php/boot-phar.php(20): include('phar://C:/Users...')
#13 C:\Users\Ne.N.Reh\AppData\Local\Programs\Local\resources\extraResources\bin\wp-cli\wp-cli.phar(4): include('phar://C:/Users...')
#14 {main}
  thrown in phar://C:/Users/Ne.N.Reh/AppData/Local/Programs/Local/resources/extraResources/bin/wp-cli/wp-cli.phar/vendor/wp-cli/wp-cli/php/WP_CLI/Runner.php on line 1363
[22-May-2024 12:32:01 UTC] PHP Fatal error:  Uncaught Error: Failed opening required 'C:/Users/Ne.N.Reh/Local Sites/charlton-house-of-pizza/app/public/wp-settings.php' (include_path='.:/usr/share/php:/www/wp-content/pear') in phar://C:/Users/Ne.N.Reh/AppData/Local/Programs/Local/resources/extraResources/bin/wp-cli/wp-cli.phar/vendor/wp-cli/wp-cli/php/WP_CLI/Runner.php:1363
Stack trace:
#0 phar://C:/Users/Ne.N.Reh/AppData/Local/Programs/Local/resources/extraResources/bin/wp-cli/wp-cli.phar/vendor/wp-cli/wp-cli/php/WP_CLI/Runner.php(1282): WP_CLI\Runner->load_wordpress()
#1 phar://C:/Users/Ne.N.Reh/AppData/Local/Programs/Local/resources/extraResources/bin/wp-cli/wp-cli.phar/vendor/wp-cli/wp-cli/php/WP_CLI/Bootstrap/LaunchRunner.php(28): WP_CLI\Runner->start()
#2 phar://C:/Users/Ne.N.Reh/AppData/Local/Programs/Local/resources/extraResources/bin/wp-cli/wp-cli.phar/vendor/wp-cli/wp-cli/php/bootstrap.php(83): WP_CLI\Bootstrap\LaunchRunner->process(Object(WP_CLI\Bootstrap\BootstrapState))
#3 phar://C:/Users/Ne.N.Reh/AppData/Local/Programs/Local/resources/extraResources/bin/wp-cli/wp-cli.phar/vendor/wp-cli/wp-cli/php/wp-cli.php(32): WP_CLI\bootstrap()
#4 phar://C:/Users/Ne.N.Reh/AppData/Local/Programs/Local/resources/extraResources/bin/wp-cli/wp-cli.phar/php/boot-phar.php(20): include('phar://C:/Users...')
#5 C:\Users\Ne.N.Reh\AppData\Local\Programs\Local\resources\extraResources\bin\wp-cli\wp-cli.phar(4): include('phar://C:/Users...')
#6 {main}
  thrown in phar://C:/Users/Ne.N.Reh/AppData/Local/Programs/Local/resources/extraResources/bin/wp-cli/wp-cli.phar/vendor/wp-cli/wp-cli/php/WP_CLI/Runner.php on line 1363
[22-May-2024 12:35:41 UTC] PHP Fatal error:  Uncaught Error: Failed opening required 'C:/Users/Ne.N.Reh/Local Sites/charlton-house-of-pizza/app/public/wp-settings.php' (include_path='.:/usr/share/php:/www/wp-content/pear') in phar://C:/Users/Ne.N.Reh/AppData/Local/Programs/Local/resources/extraResources/bin/wp-cli/wp-cli.phar/vendor/wp-cli/wp-cli/php/WP_CLI/Runner.php:1363
Stack trace:
#0 phar://C:/Users/Ne.N.Reh/AppData/Local/Programs/Local/resources/extraResources/bin/wp-cli/wp-cli.phar/vendor/wp-cli/wp-cli/php/WP_CLI/Runner.php(1282): WP_CLI\Runner->load_wordpress()
#1 phar://C:/Users/Ne.N.Reh/AppData/Local/Programs/Local/resources/extraResources/bin/wp-cli/wp-cli.phar/vendor/wp-cli/wp-cli/php/WP_CLI/Bootstrap/LaunchRunner.php(28): WP_CLI\Runner->start()
#2 phar://C:/Users/Ne.N.Reh/AppData/Local/Programs/Local/resources/extraResources/bin/wp-cli/wp-cli.phar/vendor/wp-cli/wp-cli/php/bootstrap.php(83): WP_CLI\Bootstrap\LaunchRunner->process(Object(WP_CLI\Bootstrap\BootstrapState))
#3 phar://C:/Users/Ne.N.Reh/AppData/Local/Programs/Local/resources/extraResources/bin/wp-cli/wp-cli.phar/vendor/wp-cli/wp-cli/php/wp-cli.php(32): WP_CLI\bootstrap()
#4 phar://C:/Users/Ne.N.Reh/AppData/Local/Programs/Local/resources/extraResources/bin/wp-cli/wp-cli.phar/php/boot-phar.php(20): include('phar://C:/Users...')
#5 C:\Users\Ne.N.Reh\AppData\Local\Programs\Local\resources\extraResources\bin\wp-cli\wp-cli.phar(4): include('phar://C:/Users...')
#6 {main}
  thrown in phar://C:/Users/Ne.N.Reh/AppData/Local/Programs/Local/resources/extraResources/bin/wp-cli/wp-cli.phar/vendor/wp-cli/wp-cli/php/WP_CLI/Runner.php on line 1363
[22-May-2024 13:53:24 UTC] PHP Warning:  Attempt to read property "title" on null in C:\Users\Ne.N.Reh\Local Sites\charlton-house-of-pizza\app\public\wp-includes\class-wp-customize-widgets.php on line 905
[22-May-2024 13:54:02 UTC] PHP Warning:  Attempt to read property "title" on null in C:\Users\Ne.N.Reh\Local Sites\charlton-house-of-pizza\app\public\wp-includes\class-wp-customize-widgets.php on line 905
[22-May-2024 13:58:21 UTC] PHP Warning:  Attempt to read property "title" on null in C:\Users\Ne.N.Reh\Local Sites\charlton-house-of-pizza\app\public\wp-includes\class-wp-customize-widgets.php on line 905
